npm warn exec The following package was not found and will be installed: vercel@50.28.0
npm warn deprecated tar@7.5.7: Old versions of tar are not supported, and contain widely publicized security vulnerabilities, which have been fixed in the current version. Please update. Support for old versions may be purchased (at exorbitant rates) by contacting i@izs.me
node:internal/modules/cjs/loader:1244
  const err = new Error(message);
              ^

Error: Cannot find module '@vercel/python-analysis'
Require stack:
- /root/.npm/_npx/67eb4586ca667318/node_modules/@vercel/build-utils/dist/index.js
    at Function._resolveFilename (node:internal/modules/cjs/loader:1244:15)
    at Function._load (node:internal/modules/cjs/loader:1070:27)
    at TracingChannel.traceSync (node:diagnostics_channel:322:14)
    at wrapModuleLoad (node:internal/modules/cjs/loader:217:24)
    at Module.require (node:internal/modules/cjs/loader:1335:12)
    at require (node:internal/modules/helpers:136:16)
    at Object.<anonymous> (/root/.npm/_npx/67eb4586ca667318/node_modules/@vercel/build-utils/dist/index.js:25127:30)
    at Module._compile (node:internal/modules/cjs/loader:1562:14)
    at Object..js (node:internal/modules/cjs/loader:1699:10)
    at Module.load (node:internal/modules/cjs/loader:1313:32) {
  code: 'MODULE_NOT_FOUND',
  requireStack: [
    '/root/.npm/_npx/67eb4586ca667318/node_modules/@vercel/build-utils/dist/index.js'
  ]
}

Node.js v22.13.1
